TN:
SF:src/GameManager.ts
FN:7,GameManager
FN:11,createGame
FN:17,getGame
FN:21,deleteGame
FN:25,get gamesList
FNF:5
FNH:5
FNDA:3,GameManager
FNDA:3,createGame
FNDA:6,getGame
FNDA:1,deleteGame
FNDA:3,get gamesList
DA:1,1
DA:2,1
DA:3,1
DA:4,1
DA:5,1
DA:6,1
DA:7,1
DA:8,3
DA:9,3
DA:10,1
DA:11,1
DA:12,3
DA:13,3
DA:14,3
DA:15,3
DA:16,1
DA:17,1
DA:18,6
DA:19,6
DA:20,1
DA:21,1
DA:22,1
DA:23,1
DA:24,1
DA:25,1
DA:26,3
DA:27,2
DA:28,2
DA:29,2
DA:30,2
DA:31,2
DA:32,2
DA:33,2
DA:34,3
DA:35,3
DA:36,1
DA:37,1
DA:38,1
LF:38
LH:38
BRDA:7,0,0,3
BRDA:11,1,0,3
BRDA:17,2,0,6
BRDA:18,3,0,6
BRDA:21,4,0,1
BRDA:22,5,0,1
BRDA:25,6,0,3
BRDA:26,7,0,2
BRF:8
BRH:8
end_of_record
TN:
SF:src/database/index.ts
FN:20,getUsers
FN:25,getStats
FN:30,checkIfUserExists
FN:35,saveUser
FN:50,saveUserStats
FN:85,getUserPseudo
FNF:6
FNH:0
FNDA:0,getUsers
FNDA:0,getStats
FNDA:0,checkIfUserExists
FNDA:0,saveUser
FNDA:0,saveUserStats
FNDA:0,getUserPseudo
DA:1,1
DA:2,1
DA:3,1
DA:4,1
DA:5,1
DA:6,1
DA:7,1
DA:8,1
DA:9,1
DA:10,1
DA:11,1
DA:12,1
DA:13,1
DA:14,1
DA:15,1
DA:16,1
DA:17,1
DA:18,1
DA:19,1
DA:20,1
DA:21,0
DA:22,0
DA:23,0
DA:24,1
DA:25,1
DA:26,0
DA:27,0
DA:28,0
DA:29,1
DA:30,1
DA:31,0
DA:32,0
DA:33,0
DA:34,1
DA:35,1
DA:36,0
DA:37,0
DA:38,0
DA:39,0
DA:40,0
DA:41,0
DA:42,0
DA:43,0
DA:44,0
DA:45,0
DA:46,0
DA:47,0
DA:48,0
DA:49,1
DA:50,1
DA:51,0
DA:52,0
DA:53,0
DA:54,0
DA:55,0
DA:56,0
DA:57,0
DA:58,0
DA:59,0
DA:60,0
DA:61,0
DA:62,0
DA:63,0
DA:64,0
DA:65,0
DA:66,0
DA:67,0
DA:68,0
DA:69,0
DA:70,0
DA:71,0
DA:72,0
DA:73,0
DA:74,0
DA:75,0
DA:76,0
DA:77,0
DA:78,0
DA:79,0
DA:80,0
DA:81,0
DA:82,0
DA:83,0
DA:84,1
DA:85,1
DA:86,0
DA:87,0
DA:88,0
DA:89,0
DA:90,0
DA:91,0
DA:92,1
DA:93,1
LF:93
LH:32
BRF:0
BRH:0
end_of_record
TN:
SF:src/enums/Direction.ts
FNF:0
FNH:0
DA:1,1
DA:2,1
DA:3,1
DA:4,1
DA:5,1
DA:6,1
LF:6
LH:6
BRDA:1,0,0,1
BRF:1
BRH:1
end_of_record
TN:
SF:src/enums/Stats.ts
FNF:0
FNH:0
DA:1,2
DA:2,2
DA:3,2
DA:4,2
DA:5,2
DA:6,2
LF:6
LH:6
BRDA:1,0,0,2
BRF:1
BRH:1
end_of_record
TN:
SF:src/game/board.ts
FN:9,Board
FN:15,clearBoard
FN:26,occupeCellsSpawn
FN:38,occupeCells
FN:44,freeCells
FN:57,getCell
FN:62,setTrail
FN:69,isInBoard
FN:74,getTerritoriesCount
FNF:9
FNH:4
FNDA:7,Board
FNDA:8,clearBoard
FNDA:2,occupeCellsSpawn
FNDA:0,occupeCells
FNDA:0,freeCells
FNDA:1,getCell
FNDA:0,setTrail
FNDA:0,isInBoard
FNDA:0,getTerritoriesCount
DA:1,1
DA:2,1
DA:3,1
DA:4,1
DA:5,1
DA:6,1
DA:7,1
DA:8,1
DA:9,1
DA:10,7
DA:11,7
DA:12,7
DA:13,7
DA:14,1
DA:15,1
DA:16,8
DA:17,640
DA:18,640
DA:19,51200
DA:20,51200
DA:21,640
DA:22,8
DA:23,1
DA:24,1
DA:25,1
DA:26,1
DA:27,2
DA:28,2
DA:29,2
DA:30,10
DA:31,50
DA:32,50
DA:33,50
DA:34,50
DA:35,10
DA:36,2
DA:37,1
DA:38,1
DA:39,0
DA:40,0
DA:41,0
DA:42,0
DA:43,1
DA:44,1
DA:45,0
DA:46,0
DA:47,0
DA:48,0
DA:49,0
DA:50,0
DA:51,0
DA:52,0
DA:53,0
DA:54,0
DA:55,0
DA:56,1
DA:57,1
DA:58,1
DA:59,1
DA:60,1
DA:61,1
DA:62,1
DA:63,0
DA:64,0
DA:65,0
DA:66,0
DA:67,0
DA:68,1
DA:69,1
DA:70,0
DA:71,0
DA:72,0
DA:73,1
DA:74,1
DA:75,0
DA:76,0
DA:77,0
DA:78,0
DA:79,0
DA:80,0
DA:81,1
LF:81
LH:52
BRDA:9,0,0,7
BRDA:15,1,0,8
BRDA:16,2,0,640
BRDA:18,3,0,51200
BRDA:26,4,0,2
BRDA:29,5,0,10
BRDA:30,6,0,50
BRDA:57,7,0,1
BRF:8
BRH:8
end_of_record
TN:
SF:src/game/cell.ts
FN:7,Cell
FNF:1
FNH:1
FNDA:51200,Cell
DA:1,1
DA:2,1
DA:3,1
DA:4,1
DA:5,1
DA:6,1
DA:7,1
DA:8,51200
DA:9,51200
DA:10,51200
DA:11,51200
DA:12,51200
DA:13,1
LF:13
LH:13
BRDA:7,0,0,51200
BRF:1
BRH:1
end_of_record
TN:
SF:src/game/index.ts
FN:20,Game
FN:36,get boardSize
FN:40,get boardCells
FN:44,get nbPlayersMax
FN:48,get isPrivate
FN:52,get invitationCode
FN:56,get alivePlayersCount
FN:60,get connectedPlayersCount
FN:64,get leaderBoard
FN:78,join
FN:107,get playersList
FN:116,sendPlayersList
FN:122,spawnPlayer
FN:144,get playersPositions
FN:152,get alivePlayers
FN:156,log
FN:160,handlePlayersEvent
FN:190,sendPlayersPositions
FN:196,sendMapToPlayers
FN:217,sendGameData
FN:222,killPlayer
FN:236,movePlayers
FN:279,getDocumentName
FN:284,saveStats
FNF:24
FNH:8
FNDA:3,Game
FNDA:6,get boardSize
FNDA:0,get boardCells
FNDA:3,get nbPlayersMax
FNDA:3,get isPrivate
FNDA:3,get invitationCode
FNDA:2,get alivePlayersCount
FNDA:2,get connectedPlayersCount
FNDA:0,get leaderBoard
FNDA:0,join
FNDA:0,get playersList
FNDA:0,sendPlayersList
FNDA:0,spawnPlayer
FNDA:0,get playersPositions
FNDA:2,get alivePlayers
FNDA:0,log
FNDA:0,handlePlayersEvent
FNDA:0,sendPlayersPositions
FNDA:0,sendMapToPlayers
FNDA:0,sendGameData
FNDA:0,killPlayer
FNDA:0,movePlayers
FNDA:0,getDocumentName
FNDA:0,saveStats
DA:1,1
DA:2,1
DA:3,1
DA:4,1
DA:5,1
DA:6,1
DA:7,1
DA:8,1
DA:9,1
DA:10,1
DA:11,1
DA:12,1
DA:13,1
DA:14,1
DA:15,1
DA:16,1
DA:17,1
DA:18,1
DA:19,1
DA:20,1
DA:21,3
DA:22,3
DA:23,3
DA:24,3
DA:25,3
DA:26,3
DA:27,3
DA:28,3
DA:29,3
DA:30,3
DA:31,3
DA:32,0
DA:33,3
DA:34,3
DA:35,1
DA:36,1
DA:37,6
DA:38,6
DA:39,1
DA:40,1
DA:41,0
DA:42,0
DA:43,1
DA:44,1
DA:45,3
DA:46,3
DA:47,1
DA:48,1
DA:49,3
DA:50,3
DA:51,1
DA:52,1
DA:53,3
DA:54,3
DA:55,1
DA:56,1
DA:57,2
DA:58,2
DA:59,1
DA:60,1
DA:61,2
DA:62,2
DA:63,1
DA:64,1
DA:65,0
DA:66,0
DA:67,0
DA:68,0
DA:69,0
DA:70,0
DA:71,0
DA:72,0
DA:73,0
DA:74,0
DA:75,0
DA:76,0
DA:77,1
DA:78,1
DA:79,0
DA:80,0
DA:81,0
DA:82,0
DA:83,0
DA:84,0
DA:85,0
DA:86,0
DA:87,0
DA:88,0
DA:89,0
DA:90,0
DA:91,0
DA:92,0
DA:93,0
DA:94,0
DA:95,0
DA:96,0
DA:97,0
DA:98,0
DA:99,0
DA:100,0
DA:101,0
DA:102,0
DA:103,0
DA:104,0
DA:105,0
DA:106,1
DA:107,1
DA:108,0
DA:109,0
DA:110,0
DA:111,0
DA:112,0
DA:113,0
DA:114,0
DA:115,1
DA:116,1
DA:117,0
DA:118,0
DA:119,0
DA:120,0
DA:121,1
DA:122,1
DA:123,0
DA:124,0
DA:125,0
DA:126,0
DA:127,0
DA:128,0
DA:129,0
DA:130,0
DA:131,0
DA:132,0
DA:133,0
DA:134,0
DA:135,0
DA:136,0
DA:137,0
DA:138,0
DA:139,0
DA:140,0
DA:141,0
DA:142,0
DA:143,1
DA:144,1
DA:145,0
DA:146,0
DA:147,0
DA:148,0
DA:149,0
DA:150,0
DA:151,1
DA:152,1
DA:153,2
DA:154,2
DA:155,1
DA:156,1
DA:157,0
DA:158,0
DA:159,1
DA:160,1
DA:161,0
DA:162,0
DA:163,0
DA:164,0
DA:165,0
DA:166,0
DA:167,0
DA:168,0
DA:169,0
DA:170,0
DA:171,0
DA:172,0
DA:173,0
DA:174,0
DA:175,0
DA:176,0
DA:177,0
DA:178,0
DA:179,0
DA:180,0
DA:181,0
DA:182,0
DA:183,0
DA:184,0
DA:185,0
DA:186,0
DA:187,0
DA:188,0
DA:189,1
DA:190,1
DA:191,0
DA:192,0
DA:193,0
DA:194,0
DA:195,1
DA:196,1
DA:197,0
DA:198,0
DA:199,0
DA:200,0
DA:201,0
DA:202,0
DA:203,0
DA:204,0
DA:205,0
DA:206,0
DA:207,0
DA:208,0
DA:209,0
DA:210,0
DA:211,0
DA:212,0
DA:213,0
DA:214,0
DA:215,0
DA:216,1
DA:217,1
DA:218,0
DA:219,0
DA:220,0
DA:221,1
DA:222,1
DA:223,0
DA:224,0
DA:225,0
DA:226,0
DA:227,0
DA:228,0
DA:229,0
DA:230,0
DA:231,0
DA:232,0
DA:233,0
DA:234,0
DA:235,1
DA:236,1
DA:237,0
DA:238,0
DA:239,0
DA:240,0
DA:241,0
DA:242,0
DA:243,0
DA:244,0
DA:245,0
DA:246,0
DA:247,0
DA:248,0
DA:249,0
DA:250,0
DA:251,0
DA:252,0
DA:253,0
DA:254,0
DA:255,0
DA:256,0
DA:257,0
DA:258,0
DA:259,0
DA:260,0
DA:261,0
DA:262,0
DA:263,0
DA:264,0
DA:265,0
DA:266,0
DA:267,0
DA:268,0
DA:269,0
DA:270,0
DA:271,0
DA:272,0
DA:273,0
DA:274,0
DA:275,0
DA:276,0
DA:277,0
DA:278,1
DA:279,1
DA:280,0
DA:281,0
DA:282,0
DA:283,1
DA:284,1
DA:285,0
DA:286,0
DA:287,0
DA:288,0
DA:289,0
DA:290,0
DA:291,0
DA:292,0
DA:293,1
LF:293
LH:94
BRDA:20,0,0,3
BRDA:23,1,0,0
BRDA:24,2,0,0
BRDA:26,3,0,0
BRDA:36,4,0,6
BRDA:44,5,0,3
BRDA:48,6,0,3
BRDA:52,7,0,3
BRDA:56,8,0,2
BRDA:60,9,0,2
BRDA:152,10,0,2
BRF:11
BRH:8
end_of_record
TN:
SF:src/game/player.ts
FN:19,Player
FN:26,ChangeDirection
FN:39,Move
FN:60,Kill
FNF:4
FNH:0
FNDA:0,Player
FNDA:0,ChangeDirection
FNDA:0,Move
FNDA:0,Kill
DA:1,1
DA:2,1
DA:3,1
DA:4,1
DA:5,1
DA:6,1
DA:7,1
DA:8,1
DA:9,1
DA:10,1
DA:11,1
DA:12,1
DA:13,1
DA:14,1
DA:15,1
DA:16,1
DA:17,1
DA:18,1
DA:19,1
DA:20,0
DA:21,0
DA:22,0
DA:23,0
DA:24,0
DA:25,1
DA:26,1
DA:27,0
DA:28,0
DA:29,0
DA:30,0
DA:31,0
DA:32,0
DA:33,0
DA:34,0
DA:35,0
DA:36,0
DA:37,0
DA:38,1
DA:39,1
DA:40,0
DA:41,0
DA:42,0
DA:43,0
DA:44,0
DA:45,0
DA:46,0
DA:47,0
DA:48,0
DA:49,0
DA:50,0
DA:51,0
DA:52,0
DA:53,0
DA:54,0
DA:55,0
DA:56,0
DA:57,0
DA:58,0
DA:59,1
DA:60,1
DA:61,0
DA:62,0
DA:63,1
LF:63
LH:26
BRF:0
BRH:0
end_of_record
TN:
SF:src/game/playerGameStats.ts
FN:8,PlayerGameStats
FN:15,get _kills
FN:19,get _killed
FN:23,get _blocksCaptured
FN:27,get _blocksTravelled
FN:31,Add
FNF:6
FNH:6
FNDA:6,PlayerGameStats
FNDA:3,get _kills
FNDA:3,get _killed
FNDA:3,get _blocksCaptured
FNDA:3,get _blocksTravelled
FNDA:8,Add
DA:1,1
DA:2,1
DA:3,1
DA:4,1
DA:5,1
DA:6,1
DA:7,1
DA:8,1
DA:9,6
DA:10,6
DA:11,6
DA:12,6
DA:13,6
DA:14,1
DA:15,1
DA:16,3
DA:17,3
DA:18,1
DA:19,1
DA:20,3
DA:21,3
DA:22,1
DA:23,1
DA:24,3
DA:25,3
DA:26,1
DA:27,1
DA:28,3
DA:29,3
DA:30,1
DA:31,1
DA:32,8
DA:33,8
DA:34,2
DA:35,2
DA:36,8
DA:37,2
DA:38,2
DA:39,8
DA:40,2
DA:41,2
DA:42,8
DA:43,2
DA:44,2
DA:45,8
DA:46,8
DA:47,1
LF:47
LH:47
BRDA:8,0,0,6
BRDA:15,1,0,3
BRDA:19,2,0,3
BRDA:23,3,0,3
BRDA:27,4,0,3
BRDA:31,5,0,8
BRDA:33,6,0,2
BRDA:36,7,0,2
BRDA:39,8,0,2
BRDA:42,9,0,2
BRF:10
BRH:10
end_of_record
TN:
SF:src/game/zoneCalculator.ts
FN:12,ZoneCalculator
FN:18,fillZone
FN:34,visitNeighbours
FN:66,determineIfCellValid
FN:78,getCell
FN:84,getCellsToVisit
FN:116,getNeighbours
FNF:7
FNH:0
FNDA:0,ZoneCalculator
FNDA:0,fillZone
FNDA:0,visitNeighbours
FNDA:0,determineIfCellValid
FNDA:0,getCell
FNDA:0,getCellsToVisit
FNDA:0,getNeighbours
DA:1,1
DA:2,1
DA:3,1
DA:4,1
DA:5,1
DA:6,1
DA:7,1
DA:8,1
DA:9,1
DA:10,1
DA:11,1
DA:12,1
DA:13,0
DA:14,0
DA:15,0
DA:16,0
DA:17,1
DA:18,1
DA:19,0
DA:20,0
DA:21,0
DA:22,0
DA:23,0
DA:24,0
DA:25,0
DA:26,0
DA:27,0
DA:28,0
DA:29,0
DA:30,0
DA:31,0
DA:32,0
DA:33,1
DA:34,1
DA:35,0
DA:36,0
DA:37,0
DA:38,0
DA:39,0
DA:40,0
DA:41,0
DA:42,0
DA:43,0
DA:44,0
DA:45,0
DA:46,0
DA:47,0
DA:48,0
DA:49,0
DA:50,0
DA:51,0
DA:52,0
DA:53,0
DA:54,0
DA:55,0
DA:56,0
DA:57,0
DA:58,0
DA:59,0
DA:60,0
DA:61,0
DA:62,0
DA:63,0
DA:64,0
DA:65,1
DA:66,1
DA:67,0
DA:68,0
DA:69,0
DA:70,0
DA:71,0
DA:72,0
DA:73,0
DA:74,0
DA:75,0
DA:76,0
DA:77,1
DA:78,1
DA:79,0
DA:80,0
DA:81,0
DA:82,0
DA:83,1
DA:84,1
DA:85,0
DA:86,0
DA:87,0
DA:88,0
DA:89,0
DA:90,0
DA:91,0
DA:92,0
DA:93,0
DA:94,0
DA:95,0
DA:96,0
DA:97,0
DA:98,0
DA:99,0
DA:100,0
DA:101,0
DA:102,0
DA:103,0
DA:104,0
DA:105,0
DA:106,0
DA:107,0
DA:108,0
DA:109,0
DA:110,0
DA:111,0
DA:112,0
DA:113,0
DA:114,0
DA:115,1
DA:116,1
DA:117,0
DA:118,0
DA:119,0
DA:120,0
DA:121,0
DA:122,0
DA:123,0
DA:124,0
DA:125,0
DA:126,0
DA:127,0
DA:128,0
DA:129,0
DA:130,0
DA:131,0
DA:132,0
DA:133,0
DA:134,0
DA:135,0
DA:136,0
DA:137,0
DA:138,0
DA:139,0
DA:140,0
DA:141,0
DA:142,0
DA:143,0
DA:144,0
DA:145,0
DA:146,0
DA:147,0
DA:148,0
DA:149,1
LF:149
LH:25
BRF:0
BRH:0
end_of_record
